c:\users\asaid\documents\programmierprojekt\nahku_saidy_8540946\nahku_saidy_8540946\debug\nahku_saidy_8540946.pdb
c:\users\asaid\documents\programmierprojekt\nahku_saidy_8540946\nahku_saidy_8540946\debug\nahku_saidy_8540946.idb
c:\users\asaid\documents\programmierprojekt\nahku_saidy_8540946\nahku_saidy_8540946\debug\user.obj
c:\users\asaid\documents\programmierprojekt\nahku_saidy_8540946\nahku_saidy_8540946\debug\smartbot.obj
c:\users\asaid\documents\programmierprojekt\nahku_saidy_8540946\nahku_saidy_8540946\debug\randombot.obj
c:\users\asaid\documents\programmierprojekt\nahku_saidy_8540946\nahku_saidy_8540946\debug\player.obj
c:\users\asaid\documents\programmierprojekt\nahku_saidy_8540946\nahku_saidy_8540946\debug\nahku_saidy_8540946.obj
c:\users\asaid\documents\programmierprojekt\nahku_saidy_8540946\nahku_saidy_8540946\debug\leftbot.obj
c:\users\asaid\documents\programmierprojekt\nahku_saidy_8540946\nahku_saidy_8540946\debug\leasttilebot.obj
c:\users\asaid\documents\programmierprojekt\nahku_saidy_8540946\nahku_saidy_8540946\debug\grid.obj
c:\users\asaid\documents\programmierprojekt\nahku_saidy_8540946\nahku_saidy_8540946\debug\game.obj
c:\users\asaid\documents\programmierprojekt\nahku_saidy_8540946\nahku_saidy_8540946\debug\bot.obj
c:\users\asaid\documents\programmierprojekt\nahku_saidy_8540946\nahku_saidy_8540946\debug\vc141.pdb
c:\users\asaid\documents\programmierprojekt\nahku_saidy_8540946\nahku_saidy_8540946\debug\vc141.idb
c:\users\asaid\documents\programmierprojekt\nahku_saidy_8540946\nahku_saidy_8540946\debug\nahku_saidy_8540946.pch
c:\users\asaid\documents\programmierprojekt\nahku_saidy_8540946\nahku_saidy_8540946\debug\stdafx.obj
c:\users\asaid\documents\programmierprojekt\nahku_saidy_8540946\nahku_saidy_8540946\debug\consolemanagement.obj
c:\users\asaid\documents\programmierprojekt\nahku_saidy_8540946\debug\nahku_saidy_8540946.lib
c:\users\asaid\documents\programmierprojekt\nahku_saidy_8540946\debug\nahku_saidy_8540946.exe
c:\users\asaid\documents\programmierprojekt\nahku_saidy_8540946\debug\nahku_saidy_8540946.ilk
c:\users\asaid\documents\programmierprojekt\nahku_saidy_8540946\debug\nahku_saidy_8540946.pdb
c:\users\asaid\documents\programmierprojekt\nahku_saidy_8540946\debug\nahku_saidy_8540946.exp
c:\users\asaid\documents\programmierprojekt\nahku_saidy_8540946\nahku_saidy_8540946\debug\nahku_sa.498985dc.tlog\cl.command.1.tlog
c:\users\asaid\documents\programmierprojekt\nahku_saidy_8540946\nahku_saidy_8540946\debug\nahku_sa.498985dc.tlog\cl.read.1.tlog
c:\users\asaid\documents\programmierprojekt\nahku_saidy_8540946\nahku_saidy_8540946\debug\nahku_sa.498985dc.tlog\cl.write.1.tlog
c:\users\asaid\documents\programmierprojekt\nahku_saidy_8540946\nahku_saidy_8540946\debug\nahku_sa.498985dc.tlog\lib-link.read.1.tlog
c:\users\asaid\documents\programmierprojekt\nahku_saidy_8540946\nahku_saidy_8540946\debug\nahku_sa.498985dc.tlog\lib-link.write.1.tlog
c:\users\asaid\documents\programmierprojekt\nahku_saidy_8540946\nahku_saidy_8540946\debug\nahku_sa.498985dc.tlog\lib.command.1.tlog
c:\users\asaid\documents\programmierprojekt\nahku_saidy_8540946\nahku_saidy_8540946\debug\nahku_sa.498985dc.tlog\link.10020.delete.1.tlog
c:\users\asaid\documents\programmierprojekt\nahku_saidy_8540946\nahku_saidy_8540946\debug\nahku_sa.498985dc.tlog\link.10316.delete.1.tlog
c:\users\asaid\documents\programmierprojekt\nahku_saidy_8540946\nahku_saidy_8540946\debug\nahku_sa.498985dc.tlog\link.10416.delete.1.tlog
c:\users\asaid\documents\programmierprojekt\nahku_saidy_8540946\nahku_saidy_8540946\debug\nahku_sa.498985dc.tlog\link.10768.delete.1.tlog
c:\users\asaid\documents\programmierprojekt\nahku_saidy_8540946\nahku_saidy_8540946\debug\nahku_sa.498985dc.tlog\link.10824.delete.1.tlog
c:\users\asaid\documents\programmierprojekt\nahku_saidy_8540946\nahku_saidy_8540946\debug\nahku_sa.498985dc.tlog\link.10920.delete.1.tlog
c:\users\asaid\documents\programmierprojekt\nahku_saidy_8540946\nahku_saidy_8540946\debug\nahku_sa.498985dc.tlog\link.12088.delete.1.tlog
c:\users\asaid\documents\programmierprojekt\nahku_saidy_8540946\nahku_saidy_8540946\debug\nahku_sa.498985dc.tlog\link.12196.delete.1.tlog
c:\users\asaid\documents\programmierprojekt\nahku_saidy_8540946\nahku_saidy_8540946\debug\nahku_sa.498985dc.tlog\link.12756.delete.1.tlog
c:\users\asaid\documents\programmierprojekt\nahku_saidy_8540946\nahku_saidy_8540946\debug\nahku_sa.498985dc.tlog\link.12780.delete.1.tlog
c:\users\asaid\documents\programmierprojekt\nahku_saidy_8540946\nahku_saidy_8540946\debug\nahku_sa.498985dc.tlog\link.12896.delete.1.tlog
c:\users\asaid\documents\programmierprojekt\nahku_saidy_8540946\nahku_saidy_8540946\debug\nahku_sa.498985dc.tlog\link.13320.delete.1.tlog
c:\users\asaid\documents\programmierprojekt\nahku_saidy_8540946\nahku_saidy_8540946\debug\nahku_sa.498985dc.tlog\link.13472.delete.1.tlog
c:\users\asaid\documents\programmierprojekt\nahku_saidy_8540946\nahku_saidy_8540946\debug\nahku_sa.498985dc.tlog\link.13940.delete.1.tlog
c:\users\asaid\documents\programmierprojekt\nahku_saidy_8540946\nahku_saidy_8540946\debug\nahku_sa.498985dc.tlog\link.14736.delete.1.tlog
c:\users\asaid\documents\programmierprojekt\nahku_saidy_8540946\nahku_saidy_8540946\debug\nahku_sa.498985dc.tlog\link.1484.delete.1.tlog
c:\users\asaid\documents\programmierprojekt\nahku_saidy_8540946\nahku_saidy_8540946\debug\nahku_sa.498985dc.tlog\link.15268.delete.1.tlog
c:\users\asaid\documents\programmierprojekt\nahku_saidy_8540946\nahku_saidy_8540946\debug\nahku_sa.498985dc.tlog\link.15404.delete.1.tlog
c:\users\asaid\documents\programmierprojekt\nahku_saidy_8540946\nahku_saidy_8540946\debug\nahku_sa.498985dc.tlog\link.15908.delete.1.tlog
c:\users\asaid\documents\programmierprojekt\nahku_saidy_8540946\nahku_saidy_8540946\debug\nahku_sa.498985dc.tlog\link.15952.delete.1.tlog
c:\users\asaid\documents\programmierprojekt\nahku_saidy_8540946\nahku_saidy_8540946\debug\nahku_sa.498985dc.tlog\link.15968.delete.1.tlog
c:\users\asaid\documents\programmierprojekt\nahku_saidy_8540946\nahku_saidy_8540946\debug\nahku_sa.498985dc.tlog\link.16060.delete.1.tlog
c:\users\asaid\documents\programmierprojekt\nahku_saidy_8540946\nahku_saidy_8540946\debug\nahku_sa.498985dc.tlog\link.16128.delete.1.tlog
c:\users\asaid\documents\programmierprojekt\nahku_saidy_8540946\nahku_saidy_8540946\debug\nahku_sa.498985dc.tlog\link.16312.delete.1.tlog
c:\users\asaid\documents\programmierprojekt\nahku_saidy_8540946\nahku_saidy_8540946\debug\nahku_sa.498985dc.tlog\link.16460.delete.1.tlog
c:\users\asaid\documents\programmierprojekt\nahku_saidy_8540946\nahku_saidy_8540946\debug\nahku_sa.498985dc.tlog\link.16624.delete.1.tlog
c:\users\asaid\documents\programmierprojekt\nahku_saidy_8540946\nahku_saidy_8540946\debug\nahku_sa.498985dc.tlog\link.16868.delete.1.tlog
c:\users\asaid\documents\programmierprojekt\nahku_saidy_8540946\nahku_saidy_8540946\debug\nahku_sa.498985dc.tlog\link.17140.delete.1.tlog
c:\users\asaid\documents\programmierprojekt\nahku_saidy_8540946\nahku_saidy_8540946\debug\nahku_sa.498985dc.tlog\link.17212.delete.1.tlog
c:\users\asaid\documents\programmierprojekt\nahku_saidy_8540946\nahku_saidy_8540946\debug\nahku_sa.498985dc.tlog\link.17512.delete.1.tlog
c:\users\asaid\documents\programmierprojekt\nahku_saidy_8540946\nahku_saidy_8540946\debug\nahku_sa.498985dc.tlog\link.17644.delete.1.tlog
c:\users\asaid\documents\programmierprojekt\nahku_saidy_8540946\nahku_saidy_8540946\debug\nahku_sa.498985dc.tlog\link.17892.delete.1.tlog
c:\users\asaid\documents\programmierprojekt\nahku_saidy_8540946\nahku_saidy_8540946\debug\nahku_sa.498985dc.tlog\link.18152.delete.1.tlog
c:\users\asaid\documents\programmierprojekt\nahku_saidy_8540946\nahku_saidy_8540946\debug\nahku_sa.498985dc.tlog\link.18208.delete.1.tlog
c:\users\asaid\documents\programmierprojekt\nahku_saidy_8540946\nahku_saidy_8540946\debug\nahku_sa.498985dc.tlog\link.18276.delete.1.tlog
c:\users\asaid\documents\programmierprojekt\nahku_saidy_8540946\nahku_saidy_8540946\debug\nahku_sa.498985dc.tlog\link.18308.delete.1.tlog
c:\users\asaid\documents\programmierprojekt\nahku_saidy_8540946\nahku_saidy_8540946\debug\nahku_sa.498985dc.tlog\link.18528.delete.1.tlog
c:\users\asaid\documents\programmierprojekt\nahku_saidy_8540946\nahku_saidy_8540946\debug\nahku_sa.498985dc.tlog\link.18736.delete.1.tlog
c:\users\asaid\documents\programmierprojekt\nahku_saidy_8540946\nahku_saidy_8540946\debug\nahku_sa.498985dc.tlog\link.18764.delete.1.tlog
c:\users\asaid\documents\programmierprojekt\nahku_saidy_8540946\nahku_saidy_8540946\debug\nahku_sa.498985dc.tlog\link.19024.delete.1.tlog
c:\users\asaid\documents\programmierprojekt\nahku_saidy_8540946\nahku_saidy_8540946\debug\nahku_sa.498985dc.tlog\link.19036.delete.1.tlog
c:\users\asaid\documents\programmierprojekt\nahku_saidy_8540946\nahku_saidy_8540946\debug\nahku_sa.498985dc.tlog\link.19340.delete.1.tlog
c:\users\asaid\documents\programmierprojekt\nahku_saidy_8540946\nahku_saidy_8540946\debug\nahku_sa.498985dc.tlog\link.19860.delete.1.tlog
c:\users\asaid\documents\programmierprojekt\nahku_saidy_8540946\nahku_saidy_8540946\debug\nahku_sa.498985dc.tlog\link.20144.delete.1.tlog
c:\users\asaid\documents\programmierprojekt\nahku_saidy_8540946\nahku_saidy_8540946\debug\nahku_sa.498985dc.tlog\link.20632.delete.1.tlog
c:\users\asaid\documents\programmierprojekt\nahku_saidy_8540946\nahku_saidy_8540946\debug\nahku_sa.498985dc.tlog\link.20644.delete.1.tlog
c:\users\asaid\documents\programmierprojekt\nahku_saidy_8540946\nahku_saidy_8540946\debug\nahku_sa.498985dc.tlog\link.21256.delete.1.tlog
c:\users\asaid\documents\programmierprojekt\nahku_saidy_8540946\nahku_saidy_8540946\debug\nahku_sa.498985dc.tlog\link.21328.delete.1.tlog
c:\users\asaid\documents\programmierprojekt\nahku_saidy_8540946\nahku_saidy_8540946\debug\nahku_sa.498985dc.tlog\link.22132.delete.1.tlog
c:\users\asaid\documents\programmierprojekt\nahku_saidy_8540946\nahku_saidy_8540946\debug\nahku_sa.498985dc.tlog\link.22252.delete.1.tlog
c:\users\asaid\documents\programmierprojekt\nahku_saidy_8540946\nahku_saidy_8540946\debug\nahku_sa.498985dc.tlog\link.22256.delete.1.tlog
c:\users\asaid\documents\programmierprojekt\nahku_saidy_8540946\nahku_saidy_8540946\debug\nahku_sa.498985dc.tlog\link.22272.delete.1.tlog
c:\users\asaid\documents\programmierprojekt\nahku_saidy_8540946\nahku_saidy_8540946\debug\nahku_sa.498985dc.tlog\link.22384.delete.1.tlog
c:\users\asaid\documents\programmierprojekt\nahku_saidy_8540946\nahku_saidy_8540946\debug\nahku_sa.498985dc.tlog\link.22520.delete.1.tlog
c:\users\asaid\documents\programmierprojekt\nahku_saidy_8540946\nahku_saidy_8540946\debug\nahku_sa.498985dc.tlog\link.272.delete.1.tlog
c:\users\asaid\documents\programmierprojekt\nahku_saidy_8540946\nahku_saidy_8540946\debug\nahku_sa.498985dc.tlog\link.2960.delete.1.tlog
c:\users\asaid\documents\programmierprojekt\nahku_saidy_8540946\nahku_saidy_8540946\debug\nahku_sa.498985dc.tlog\link.3232.delete.1.tlog
c:\users\asaid\documents\programmierprojekt\nahku_saidy_8540946\nahku_saidy_8540946\debug\nahku_sa.498985dc.tlog\link.3772.delete.1.tlog
c:\users\asaid\documents\programmierprojekt\nahku_saidy_8540946\nahku_saidy_8540946\debug\nahku_sa.498985dc.tlog\link.3908.delete.1.tlog
c:\users\asaid\documents\programmierprojekt\nahku_saidy_8540946\nahku_saidy_8540946\debug\nahku_sa.498985dc.tlog\link.4800.delete.1.tlog
c:\users\asaid\documents\programmierprojekt\nahku_saidy_8540946\nahku_saidy_8540946\debug\nahku_sa.498985dc.tlog\link.4888.delete.1.tlog
c:\users\asaid\documents\programmierprojekt\nahku_saidy_8540946\nahku_saidy_8540946\debug\nahku_sa.498985dc.tlog\link.5204.delete.1.tlog
c:\users\asaid\documents\programmierprojekt\nahku_saidy_8540946\nahku_saidy_8540946\debug\nahku_sa.498985dc.tlog\link.5500.delete.1.tlog
c:\users\asaid\documents\programmierprojekt\nahku_saidy_8540946\nahku_saidy_8540946\debug\nahku_sa.498985dc.tlog\link.5760.delete.1.tlog
c:\users\asaid\documents\programmierprojekt\nahku_saidy_8540946\nahku_saidy_8540946\debug\nahku_sa.498985dc.tlog\link.6636.delete.1.tlog
c:\users\asaid\documents\programmierprojekt\nahku_saidy_8540946\nahku_saidy_8540946\debug\nahku_sa.498985dc.tlog\link.7084.delete.1.tlog
c:\users\asaid\documents\programmierprojekt\nahku_saidy_8540946\nahku_saidy_8540946\debug\nahku_sa.498985dc.tlog\link.7268.delete.1.tlog
c:\users\asaid\documents\programmierprojekt\nahku_saidy_8540946\nahku_saidy_8540946\debug\nahku_sa.498985dc.tlog\link.7316.delete.1.tlog
c:\users\asaid\documents\programmierprojekt\nahku_saidy_8540946\nahku_saidy_8540946\debug\nahku_sa.498985dc.tlog\link.7520.delete.1.tlog
c:\users\asaid\documents\programmierprojekt\nahku_saidy_8540946\nahku_saidy_8540946\debug\nahku_sa.498985dc.tlog\link.7908.delete.1.tlog
c:\users\asaid\documents\programmierprojekt\nahku_saidy_8540946\nahku_saidy_8540946\debug\nahku_sa.498985dc.tlog\link.8408.delete.1.tlog
c:\users\asaid\documents\programmierprojekt\nahku_saidy_8540946\nahku_saidy_8540946\debug\nahku_sa.498985dc.tlog\link.8484.delete.1.tlog
c:\users\asaid\documents\programmierprojekt\nahku_saidy_8540946\nahku_saidy_8540946\debug\nahku_sa.498985dc.tlog\link.8760.delete.1.tlog
c:\users\asaid\documents\programmierprojekt\nahku_saidy_8540946\nahku_saidy_8540946\debug\nahku_sa.498985dc.tlog\link.9272.delete.1.tlog
c:\users\asaid\documents\programmierprojekt\nahku_saidy_8540946\nahku_saidy_8540946\debug\nahku_sa.498985dc.tlog\link.9412.delete.1.tlog
c:\users\asaid\documents\programmierprojekt\nahku_saidy_8540946\nahku_saidy_8540946\debug\nahku_sa.498985dc.tlog\link.9480.delete.1.tlog
c:\users\asaid\documents\programmierprojekt\nahku_saidy_8540946\nahku_saidy_8540946\debug\nahku_sa.498985dc.tlog\link.9632.delete.1.tlog
c:\users\asaid\documents\programmierprojekt\nahku_saidy_8540946\nahku_saidy_8540946\debug\nahku_sa.498985dc.tlog\link.9744.delete.1.tlog
c:\users\asaid\documents\programmierprojekt\nahku_saidy_8540946\nahku_saidy_8540946\debug\nahku_sa.498985dc.tlog\link.9804.delete.1.tlog
c:\users\asaid\documents\programmierprojekt\nahku_saidy_8540946\nahku_saidy_8540946\debug\nahku_sa.498985dc.tlog\link.command.1.tlog
c:\users\asaid\documents\programmierprojekt\nahku_saidy_8540946\nahku_saidy_8540946\debug\nahku_sa.498985dc.tlog\link.delete.1.tlog
c:\users\asaid\documents\programmierprojekt\nahku_saidy_8540946\nahku_saidy_8540946\debug\nahku_sa.498985dc.tlog\link.read.1.tlog
c:\users\asaid\documents\programmierprojekt\nahku_saidy_8540946\nahku_saidy_8540946\debug\nahku_sa.498985dc.tlog\link.write.1.tlog
c:\users\asaid\documents\programmierprojekt\nahku_saidy_8540946\nahku_saidy_8540946\debug\nahku_sa.498985dc.tlog\nahku_saidy_8540946.write.1u.tlog
